Copyright 1986-2019 Xilinx, Inc. All Rights Reserved.
-----------------------------------------------------------------------------------------------------------------------------------------------------------------
| Tool Version : Vivado v.2019.2 (win64) Build 2708876 Wed Nov  6 21:40:23 MST 2019
| Date         : Fri Jan 20 04:01:24 2023
| Host         : LAPTOP-EPED47T5 running 64-bit major release  (build 9200)
| Command      : report_methodology -file led_flash_methodology_drc_routed.rpt -pb led_flash_methodology_drc_routed.pb -rpx led_flash_methodology_drc_routed.rpx
| Design       : led_flash
| Device       : xc7z020clg400-2
| Speed File   : -2
| Design State : Fully Routed
-----------------------------------------------------------------------------------------------------------------------------------------------------------------

Report Methodology

Table of Contents
-----------------
1. REPORT SUMMARY
2. REPORT DETAILS

1. REPORT SUMMARY
-----------------
            Netlist: netlist
          Floorplan: design_1
      Design limits: <entire design considered>
             Max violations: <unlimited>
             Violations found: 5
+-----------+----------+-------------------------------+------------+
| Rule      | Severity | Description                   | Violations |
+-----------+----------+-------------------------------+------------+
| TIMING-18 | Warning  | Missing input or output delay | 5          |
+-----------+----------+-------------------------------+------------+

2. REPORT DETAILS
-----------------
TIMING-18#1 Warning
Missing input or output delay  
An input delay is missing on rst_n relative to clock(s) sys_clk
Related violations: <none>

TIMING-18#2 Warning
Missing input or output delay  
An output delay is missing on led[0] relative to clock(s) sys_clk
Related violations: <none>

TIMING-18#3 Warning
Missing input or output delay  
An output delay is missing on led[1] relative to clock(s) sys_clk
Related violations: <none>

TIMING-18#4 Warning
Missing input or output delay  
An output delay is missing on led[2] relative to clock(s) sys_clk
Related violations: <none>

TIMING-18#5 Warning
Missing input or output delay  
An output delay is missing on led[3] relative to clock(s) sys_clk
Related violations: <none>


